TN:
SF:t.004ce45aeacb65bc53bad5b6daae79d8d78873387297f5757e8d42fa3fb72a44
DA:6,1
DA:9,1
DA:11,1
DA:14,1
LF:4
LH:4
end_of_record
TN:
SF:t.0194a6ab0e851eb9061222679f410197d788d0948bbb663a596b53e80e9112a7
DA:5,1
DA:8,1
DA:9,1
DA:13,1
DA:14,0
LF:5
LH:4
end_of_record
TN:
SF:t.04b35f441faae8b1f38c5f625585c0bd2bc7528b1a4a5cf79a8d3b284cef552d
DA:6,1
DA:9,1
DA:11,1
DA:14,1
LF:4
LH:4
end_of_record
TN:
SF:t.04e249c14ecd8b7b1f6d17557b97a9349bf9dd751b23cadc7a69ca53fcaa2b0a
DA:6,1
DA:9,1
DA:11,1
DA:14,1
LF:4
LH:4
end_of_record
TN:
SF:t.04f9adcb4294fe759a680b8a269e79794cc4669648e57ed69a7767b25d8bc410
DA:6,1
DA:9,1
DA:11,1
DA:14,1
LF:4
LH:4
end_of_record
TN:
SF:t.07e465da4ffa54855732db353432c2794ac3ac47a3e3d31423ba5f463deae8b4
DA:6,1
DA:9,1
DA:11,1
DA:14,1
LF:4
LH:4
end_of_record
TN:
SF:t.08517fed7c15efda3dd9ec33f6da4579f8841823bdc17df337e45314eb5c25d0
DA:6,1
DA:9,1
DA:11,1
DA:14,1
LF:4
LH:4
end_of_record
TN:
SF:t.0b7a87ccd318f0e2ed4a3df1fd3153e0b424ffde0c93d4a116a1a952461fce7f
DA:5,1
DA:8,1
DA:9,1
DA:13,1
DA:14,0
LF:5
LH:4
end_of_record
TN:
SF:t.0d3098cbe217640705ca5ecae5953cce77bfadf19c6a4923693fdfab5a6de1fb
DA:6,1
DA:9,1
DA:11,1
DA:14,1
LF:4
LH:4
end_of_record
TN:
SF:t.0dcccc25e4a638a69eb51a1bdc9324e4ed8faa8731eb8005a70c92cc4b604899
DA:5,1
DA:8,1
DA:9,1
DA:13,1
DA:14,0
LF:5
LH:4
end_of_record
TN:
SF:t.0f45d66641c1586fc1d4cc91adeed6fa6c8c0aa2be789a6a156160d96b435faf
DA:6,1
DA:9,1
DA:11,1
DA:14,1
LF:4
LH:4
end_of_record
TN:
SF:t.128eb431781b7dd08f5c4ac47ec357c744d92102db47a1fe5047080db188662b
DA:6,1
DA:9,1
DA:11,1
DA:14,1
LF:4
LH:4
end_of_record
TN:
SF:t.13758326b63dad1798fca28c7d364419383ec2908ce83b0349648c1d53b7866b
DA:14,2
DA:18,2
DA:20,2
DA:22,2
DA:23,2
DA:26,2
DA:30,2
LF:7
LH:7
end_of_record
TN:
SF:t.14f439bb4adf08f03c6b3379082f55b18faae1feb731f9ebd133edb1d313d5e9
DA:6,1
DA:9,1
DA:11,1
DA:14,1
LF:4
LH:4
end_of_record
TN:
SF:t.16c4277a3b04e03ae32881336606695275b84ec35375515cd4102a2ed8ba660e
DA:3,2
DA:4,2
LF:2
LH:2
end_of_record
TN:
SF:t.16ccef8eee9d2d8218717e9f595cbea32aae6eb7f38be533ffe98f15de988f8f
DA:6,1
DA:9,1
DA:11,1
DA:14,1
LF:4
LH:4
end_of_record
TN:
SF:t.1932966b38ff253f6fe7507c06c60849b5a90c027b06710d88ae8c0f66df48de
DA:6,1
DA:9,1
DA:11,1
DA:14,1
LF:4
LH:4
end_of_record
TN:
SF:t.1a9c84573ffb4914e8c231ac982fb263f9b342cae974c1488002731dc83f049e
DA:5,1
DA:8,1
DA:9,1
DA:13,1
DA:14,0
LF:5
LH:4
end_of_record
TN:
SF:t.1f6548263a3904712d943ddc34be51a28d3d916f625bbbf912629951dbc3a438
DA:6,1
DA:9,1
DA:11,1
DA:14,1
LF:4
LH:4
end_of_record
TN:
SF:t.1fea715a45c8df8ae197851a126087d3bac841d60299335d487662ad5a331a39
DA:6,1
DA:9,1
DA:11,1
DA:14,1
LF:4
LH:4
end_of_record
TN:
SF:t.2102f092289954651c224c963943b11fc7aaede4e147c321a3372baee816244d
DA:6,1
DA:9,1
DA:11,1
DA:14,1
LF:4
LH:4
end_of_record
TN:
SF:t.23676970e552b9ba9e9557b637d9883f7e37ef362567c413d37972c690d050fd
DA:3,2
LF:1
LH:1
end_of_record
TN:
SF:t.264ed389d0a633366e6247f491215b079077d460ac135f1cb25993e01f173278
DA:3,1
DA:4,1
LF:2
LH:2
end_of_record
TN:
SF:t.26bd5968800f352f8081394f114ea5201c4419e4cf0cde8ce7352e7967d20288
DA:6,1
DA:9,1
DA:11,1
DA:14,1
LF:4
LH:4
end_of_record
TN:
SF:t.2ac6fdefe386ae5dbf70f6adab265e2ceb6e3c0d7f18ec457e112309313f73c9
DA:6,1
DA:9,1
DA:11,1
DA:14,1
LF:4
LH:4
end_of_record
TN:
SF:t.2b73a17beda7128788431e49aa892f200d9746d3a51d7c12895c5ea444637f20
DA:6,1
DA:9,1
DA:11,1
DA:14,1
LF:4
LH:4
end_of_record
TN:
SF:t.2bf6a903268c46a5abb189294e6c9e0fa160b0bf74520251818062437878a2fe
DA:3,2
LF:1
LH:1
end_of_record
TN:
SF:t.2d3df19ca469cc0bfc94fd01692760157dfcfddce9c4319cd2eaa773f1d47192
DA:6,1
DA:9,1
DA:11,1
DA:14,1
LF:4
LH:4
end_of_record
TN:
SF:t.2e22f43c89f58dd21584b789bfd26c5efa2abd538488c1c4a3ea2896448da1c9
DA:6,1
DA:9,1
DA:11,1
DA:14,1
LF:4
LH:4
end_of_record
TN:
SF:t.2e2e9e52c3cdb304d6d58143d0151ec7d82c0e5cd32d591604d403c30788b545
DA:5,1
DA:8,1
DA:9,1
DA:13,1
DA:14,0
LF:5
LH:4
end_of_record
TN:
SF:t.2efc0b2caa2c91c63b49b015bd9b3a5afbbc8e78c1b18711bb6aa9daf3d4ad10
DA:5,1
DA:8,1
DA:9,1
DA:13,1
DA:14,0
LF:5
LH:4
end_of_record
TN:
SF:t.2fcc17cb4a9c5ef76639711074a830f88cd4d2b7b31cbe67e760e6403bfbc411
DA:3,2
LF:1
LH:1
end_of_record
TN:
SF:t.2ff705d437bb304ad4a017bae5c14195d0ed2689198ce3871ce7af30670e8842
DA:3,2
LF:1
LH:1
end_of_record
TN:
SF:t.3287820a87b7721747b6d4ec74938bb0ec4e65fa84af705d9f6d7fd1c179d8b7
DA:5,1
DA:8,1
DA:9,1
DA:13,1
DA:14,0
LF:5
LH:4
end_of_record
TN:
SF:t.32a455a31e8c0747c0a82c7a9d342287dd46e563397d01239fa195377eb31baa
DA:6,1
DA:9,1
DA:11,1
DA:14,1
LF:4
LH:4
end_of_record
TN:
SF:t.3318cb53a62cdd9e2437e939fdf3f03dedad862acd6e041474de846fcbcbbdb4
DA:3,2
LF:1
LH:1
end_of_record
TN:
SF:t.341fd2050572b1f6e7a2fb2123bd94b3463306eb07417bbcdb8c271c8249ef14
DA:6,1
DA:9,1
DA:11,1
DA:14,1
LF:4
LH:4
end_of_record
TN:
SF:t.3895a2f24840678ae83b857aaa431246b7ba5335703e6ae6809ef4671b85e448
DA:6,1
DA:9,1
DA:11,1
DA:14,1
LF:4
LH:4
end_of_record
TN:
SF:t.3c5e602214c59e706c931947e4fc611e5d953a04f53fb443f68da737e23f03ff
DA:5,1
DA:8,1
DA:9,1
DA:13,1
DA:14,0
LF:5
LH:4
end_of_record
TN:
SF:t.3cac741212b87995d1449dfb433a50b358200291ced957631e3b16185140935f
DA:3,2
LF:1
LH:1
end_of_record
TN:
SF:t.3d1e13794c0e639b6a817a6c5b0514156b28b3870045b405c009fd282f1db57e
DA:6,1
DA:9,1
DA:11,1
DA:14,1
LF:4
LH:4
end_of_record
TN:
SF:t.3df5b0e4713f76c27a4373e298f672dc1adb5659ac33810bfa58e411ce6ad5ae
DA:6,1
DA:9,1
DA:11,1
DA:14,1
LF:4
LH:4
end_of_record
TN:
SF:t.3eb2ca78c203c376e0be0b489a368e26ca89fd4e998530f5437fe84b082ec6c5
DA:5,1
DA:8,1
DA:9,1
DA:13,1
DA:14,0
LF:5
LH:4
end_of_record
TN:
SF:t.3ed20878b5c102032f8fbe5a6162fe150394c4f8554be61b693e1981c7d1eeeb
DA:6,1
DA:9,1
DA:11,1
DA:14,1
LF:4
LH:4
end_of_record
TN:
SF:t.411756fa3a25c978086e833dc5a09e06df117dc174e4f4305f3ea7a56b277a17
DA:6,1
DA:9,1
DA:11,1
DA:14,1
LF:4
LH:4
end_of_record
TN:
SF:t.41bd70df875ece19620c7bc4561800aa39a1e7c394048b95b9548b637e4161ff
DA:5,1
DA:8,1
DA:9,1
DA:13,1
DA:14,0
LF:5
LH:4
end_of_record
TN:
SF:t.42ceb3e63ce86c074339eefc2fb65aace22f784c40ff51583c06150d8ffc6dc1
DA:6,1
DA:9,1
DA:11,1
DA:14,1
LF:4
LH:4
end_of_record
TN:
SF:t.439d7088dc1e1ed295fbc1856fba2400ad25ba73f9d376c23df7169175b91c08
DA:6,1
DA:9,1
DA:11,1
DA:14,1
LF:4
LH:4
end_of_record
TN:
SF:t.4527debeeb5f488430a8039f632be72f6defd4cb1dd00a29c98fbb89065df57f
DA:6,2
DA:10,2
DA:12,2
LF:3
LH:3
end_of_record
TN:
SF:t.4613a0511d143672a9c32f7a68d58c59ce644720844ba67d660babe40824350f
DA:6,1
DA:9,1
DA:11,1
DA:14,1
LF:4
LH:4
end_of_record
TN:
SF:t.46ae23d07ce5ba9707dae2fb625d3a58e5fc063ee1bced4c1cf1e3bfa258fe20
DA:6,1
DA:9,1
DA:11,1
DA:14,1
LF:4
LH:4
end_of_record
TN:
SF:t.46ae4e3561bcb1ab5eaf7701dfa17fa99397fb2987423a634717af0477b2df6d
DA:5,1
DA:8,1
DA:9,1
DA:13,1
DA:14,0
LF:5
LH:4
end_of_record
TN:
SF:t.4b2a3ab086eab9a94c832e6c37379892063192573c622964207311e6e4d8d6cd
DA:6,1
DA:9,1
DA:11,1
DA:14,1
LF:4
LH:4
end_of_record
TN:
SF:t.4eab7a74c1628c4c91cb091b846c9de452835965408be462175099544bf8e741
DA:6,1
DA:9,1
DA:11,1
DA:14,1
LF:4
LH:4
end_of_record
TN:
SF:t.4edb9cecef6f9ae158faf9165e7f63437f9a7e3ad4058178ba7730272864184c
DA:6,1
DA:9,1
DA:11,1
DA:14,1
LF:4
LH:4
end_of_record
TN:
SF:t.4fcda863a924618b45ab9c872ddd6b3fe1b1cbf8771a79da30f6ab9d6f934629
DA:6,1
DA:9,1
DA:11,1
DA:14,1
LF:4
LH:4
end_of_record
TN:
SF:t.4fef5448db1fb38a682fdf325f94816e5dc13e3141cd1d7f0ff486c89d247f37
DA:5,1
DA:8,1
DA:9,1
DA:13,1
DA:14,0
LF:5
LH:4
end_of_record
TN:
SF:t.52dbf303736e5ead76c6ebfd0577cfa4804ef59c822baff14f2f2849037e0e9f
DA:6,1
DA:9,1
DA:11,1
DA:14,1
LF:4
LH:4
end_of_record
TN:
SF:t.5363aab73952246df368f8eda6da291abe9132649216c27480e7e90b50e1d444
DA:3,2
LF:1
LH:1
end_of_record
TN:
SF:t.536ba0f12c9f71da30326d693afe4c235a074f774429adc2b1284f5de1232acd
DA:3,1
LF:1
LH:1
end_of_record
TN:
SF:t.569cda1a7f08a318e60b3cc597a140641d21fca278c14c516980c034657ddf8c
DA:6,1
DA:9,1
DA:11,1
DA:14,1
LF:4
LH:4
end_of_record
TN:
SF:t.5dc161c818575f8ea625401fe6c86202aca0d5f96a2912c86c29cc93c8d7ee15
DA:5,1
DA:8,1
DA:9,1
DA:13,1
DA:14,0
LF:5
LH:4
end_of_record
TN:
SF:t.5ecde99755e6e2e5799dc549298b0dff8770defca5cf3a78c27b5e36e28a8c98
DA:6,1
DA:9,1
DA:11,1
DA:14,1
LF:4
LH:4
end_of_record
TN:
SF:t.5eecfe7e5b7b2a652a7f64b95ff64ec75a1949068c248b3344b3ccf0b1460473
DA:12,2
DA:17,2
LF:2
LH:2
end_of_record
TN:
SF:t.5fd328a02ab80620905cee2783de0e174d167ae3a53e434856fd2fc2198620bd
DA:6,1
DA:9,1
DA:11,1
DA:14,1
LF:4
LH:4
end_of_record
TN:
SF:t.62ffdc836f1ab2b47384a013627a28fc446eed6b95b1a7edc5a84b63e154ccb8
DA:7,2
DA:10,2
DA:13,2
DA:14,2
DA:15,2
DA:16,2
LF:6
LH:6
end_of_record
TN:
SF:t.6551f4717b9d27f2527717d9bdb0653ba683e10d6d4e9ce52da519dd69a5a232
DA:5,1
DA:8,1
DA:9,1
DA:13,1
DA:14,0
LF:5
LH:4
end_of_record
TN:
SF:t.658ce36b454e07927ce199fbf52efbca35d9ca4b91d45b0d083d6ef7e1ebc663
DA:3,2
DA:4,2
LF:2
LH:2
end_of_record
TN:
SF:t.6666250b09496eae7e2bb640096d1fe6b8241bb6d7c55a01d250dccf8e77b4d0
DA:6,1
DA:9,1
DA:11,1
DA:14,1
LF:4
LH:4
end_of_record
TN:
SF:t.679551b5d736306ad18140d59712df59ec16c6cee22286204476c83d36f87455
DA:6,1
DA:9,1
DA:11,1
DA:14,1
LF:4
LH:4
end_of_record
TN:
SF:t.67c4906f23559d0d83a6188314a0bb067d6b064bd7999302bfaaacf821709b72
DA:5,1
DA:8,1
DA:9,1
DA:13,1
DA:14,0
LF:5
LH:4
end_of_record
TN:
SF:t.67eda8a44b259ca3a3efeead0f57a69a453d276f759f3910a1127799c1f11772
DA:6,1
DA:9,1
DA:11,1
DA:14,1
LF:4
LH:4
end_of_record
TN:
SF:t.6920029b9a8ca5c663c50e2576d68bc8379a985e632c207566d7ec640ef51b66
DA:6,1
DA:9,1
DA:11,1
DA:14,1
LF:4
LH:4
end_of_record
TN:
SF:t.6a4b1aa51967e822a67378c59bd613d9fce345d939df1c36c13ce2a04cd39bfd
DA:4,2
DA:5,2
LF:2
LH:2
end_of_record
TN:
SF:t.6bbb135ddec539a590a0f4bf7886cb0720a1b92e109a2122369e866765868831
DA:6,1
DA:9,1
DA:11,1
DA:14,1
LF:4
LH:4
end_of_record
TN:
SF:t.6e1212cbace8588199856a49e964deb6c23ebafcee1972e1fedde2cfa18201a7
DA:3,2
LF:1
LH:1
end_of_record
TN:
SF:t.6fe48a4962b9905deea03f62a08fb8e2adbb4dde4337b2f321558f004fe46377
DA:6,1
DA:9,1
DA:11,1
DA:14,1
LF:4
LH:4
end_of_record
TN:
SF:t.72b34f39fd421edfcfecc4d1936eca6bbef15453aa94a0d46f1c2e1384bed922
DA:6,1
DA:9,1
DA:11,1
DA:14,1
LF:4
LH:4
end_of_record
TN:
SF:t.757673471d08d957e019343fbf9e99108c281c59f946a15004b2019e2f4b5ff6
DA:3,2
LF:1
LH:1
end_of_record
TN:
SF:t.79d3ccf9b54a1638b5f6a0b91f1c8a650ab43d59a06327154afde793ce162f96
DA:6,2
DA:9,2
DA:11,2
DA:14,2
LF:4
LH:4
end_of_record
TN:
SF:t.7b35989e56edaad6eb080dd91005c08a17cad938b5f639401dd7c4e672127740
DA:5,1
DA:8,1
DA:9,1
DA:13,1
DA:14,0
LF:5
LH:4
end_of_record
TN:
SF:t.7c1f59633097637cd4a1b74edfde55ca516ea183c1f1297e4eaf08cd6545f4a0
DA:3,2
LF:1
LH:1
end_of_record
TN:
SF:t.7c2b7f9240c64467b06c035f05bdfaea694e962f17a364bdb0a3591728f72768
DA:6,1
DA:9,1
DA:11,1
DA:14,1
LF:4
LH:4
end_of_record
TN:
SF:t.7de4182095ec89731cc3c1c7610e0dd95467261b3e4c9c88b9e1cf542720af8d
DA:5,1
DA:8,1
DA:9,1
DA:13,1
DA:14,0
LF:5
LH:4
end_of_record
TN:
SF:t.7f274c39c961d3adee70537f623d766d937854c5f949e850d2c34db0a0b87e2c
DA:3,2
LF:1
LH:1
end_of_record
TN:
SF:t.80a5c3088e1ded1acfec4392a017b649ec71186233a890102627d9012527cd90
DA:5,1
DA:8,1
DA:9,1
DA:13,1
DA:14,0
LF:5
LH:4
end_of_record
TN:
SF:t.80e6fbd0498100d4e0b6d66ac5a36ab63452567da1461f084c3da65916bbedc4
DA:17,2
DA:18,2
DA:19,2
DA:20,0
DA:21,0
DA:24,2
LF:6
LH:4
end_of_record
TN:
SF:t.873497babda3016a05d5380cfd602ccc935df7e3716f5fc9cb7145aaeeacfac6
DA:5,1
DA:8,1
DA:9,1
DA:13,1
DA:14,0
LF:5
LH:4
end_of_record
TN:
SF:t.877f545008c81e9c27d71df2a0e8f80dec8c5976f856f2805209bb609e18c3a5
DA:5,1
DA:8,1
DA:9,1
DA:13,1
DA:14,0
LF:5
LH:4
end_of_record
TN:
SF:t.889e394a3f164d6860a36380eb33a077ea72298c6b89d5cd95eeee31e897191a
DA:6,1
DA:9,1
DA:11,1
DA:14,1
LF:4
LH:4
end_of_record
TN:
SF:t.88bd5a0293d3f4d9037ea354d6897d2d859ee41b74a5d23fc4dcc45163a683e3
DA:6,1
DA:9,1
DA:11,1
DA:14,1
LF:4
LH:4
end_of_record
TN:
SF:t.8978f6e2be62e2b37af5f9dc76070017f1523d1e28898d6bd80efbece09aa7d1
DA:17,2
DA:20,2
DA:24,2
DA:25,8
DA:27,8
DA:28,8
DA:29,6
DA:32,8
DA:35,8
LF:9
LH:9
end_of_record
TN:
SF:t.8a490f6fae42902e9bb58873045156a1af4cbfc548fce3efae955952548a482a
DA:6,1
DA:9,1
DA:11,1
DA:14,1
LF:4
LH:4
end_of_record
TN:
SF:t.8c495b4ee18507c2a3377f8fa186de3480b7c6145dd1252cb474f6dbee9e9e18
DA:3,1
DA:4,1
LF:2
LH:2
end_of_record
TN:
SF:t.8e388e7fe58e179856f129c7b9d41d989e77e106e86bdbfd9a55ad616e36682f
DA:6,1
DA:9,1
DA:11,1
DA:14,1
LF:4
LH:4
end_of_record
TN:
SF:t.8ea1f7785c16e01232dcab3ac6162265163a5c92db827699b221684c6dea72dc
DA:6,1
DA:9,1
DA:11,1
DA:14,1
LF:4
LH:4
end_of_record
TN:
SF:t.8ecd0baef1884e3ef8b7cc800a5d2e76d1b8ba3d73bc0c2c0bf2c74b0a55573c
DA:10,2
DA:14,2
DA:20,2
DA:21,2
DA:23,2
DA:25,2
LF:6
LH:6
end_of_record
TN:
SF:t.9035c0638eda038f231aede3fe1e60fde4464d714a54c314217a75dfe18b17ba
DA:3,2
LF:1
LH:1
end_of_record
TN:
SF:t.9057167a85cffc9f6acd1fd1bd1ce86ae0cec70add59dadc2699396c6bc00615
DA:6,1
DA:9,1
DA:11,1
DA:14,1
LF:4
LH:4
end_of_record
TN:
SF:t.90faf35d7547f702667802bba01a4a4874f98aae2b7c2268347deb8f667f758d
DA:5,1
DA:8,1
DA:9,1
DA:13,1
DA:14,0
LF:5
LH:4
end_of_record
TN:
SF:t.91fc2661f6c30c08972a33754389e5070b2ada360dcefcd2110c2c70e30afebf
DA:5,1
DA:8,1
DA:9,1
DA:13,1
DA:14,0
LF:5
LH:4
end_of_record
TN:
SF:t.9360674753eff4379041e498fe4f77e75b2bd863a21affad6e975788fd447e8e
DA:5,1
DA:8,1
DA:9,1
DA:13,1
DA:14,0
LF:5
LH:4
end_of_record
TN:
SF:t.95d79c4712b9de158a46afbc6eeec69a2f0fe28c5c59b9e35c4479394e724ea4
DA:6,1
DA:9,1
DA:11,1
DA:14,1
LF:4
LH:4
end_of_record
TN:
SF:t.96e3e65077954a5bca65ffabb0aea48ad9fe2c6f4350086359513b3e0d019878
DA:6,1
DA:9,1
DA:11,1
DA:14,1
LF:4
LH:4
end_of_record
TN:
SF:t.9733d16a2720f1456ddc3259147d1149754dce1c1f5ae8eacd14c273deb54740
DA:6,2
DA:9,2
LF:2
LH:2
end_of_record
TN:
SF:t.9767216d9b68057c9d0801d90b474a08ef8f96204d2d5e0520973e35d75e4e4d
DA:6,1
DA:9,1
DA:11,1
DA:14,1
LF:4
LH:4
end_of_record
TN:
SF:t.97efa1d8d12c3820b3b6b3c53bbbe641419057399fe8a6c7b5bdb6ec87b771d0
DA:3,2
DA:4,2
LF:2
LH:2
end_of_record
TN:
SF:t.9c41df071170df644a9bc3a97e0cdc45718358a1edb7d6f5c4875daf951f7521
DA:6,1
DA:9,1
DA:11,1
DA:14,1
LF:4
LH:4
end_of_record
TN:
SF:t.a02853af19b5efa6206c9439c9e13d2b371719fd482427774313019f885a8688
DA:6,1
DA:9,1
DA:11,1
DA:14,1
LF:4
LH:4
end_of_record
TN:
SF:t.a1159666bdd9601ce708ccccdf6ccab0623b42083548fe09c706fca9a62d6133
DA:6,1
DA:9,1
DA:11,1
DA:14,1
LF:4
LH:4
end_of_record
TN:
SF:t.a22614f9447157c69f29097be1bb0db4205e1c41d83fab532da7a3799b85c680
DA:6,1
DA:9,1
DA:11,1
DA:14,1
LF:4
LH:4
end_of_record
TN:
SF:t.a2b401a85fb25e673ddf3926edfae21e0d5ba168e5102841210c2039b5fc2086
DA:6,1
DA:9,1
DA:11,1
DA:14,1
LF:4
LH:4
end_of_record
TN:
SF:t.a5200bcd49816c0ac33d2ddfe1b1080f925f8278988bed937f4c38aceda4d006
DA:6,1
DA:9,1
DA:11,1
DA:14,1
LF:4
LH:4
end_of_record
TN:
SF:t.a5ba10c3084c40987cb94057080b2a1057bdf29835613868820c7dcfddada3e8
DA:6,1
DA:9,1
DA:11,1
DA:14,1
LF:4
LH:4
end_of_record
TN:
SF:t.a85714537a886a10d8ea2bd9cac07971c71a7a9643bbba32c8fabc77d9a39ed7
DA:5,1
DA:8,1
DA:9,1
DA:13,1
DA:14,0
LF:5
LH:4
end_of_record
TN:
SF:t.a97398966f64cc48bc814c942b00d1b9f0ae46ae23c553ee499cc176c37031da
DA:3,1
DA:4,1
LF:2
LH:2
end_of_record
TN:
SF:t.ac2f3d6b0ef7c4ea8c58d2cca63eeafa6c6898837dcc37404558480c952a2c1b
DA:5,1
DA:8,1
DA:9,1
DA:13,1
DA:14,0
LF:5
LH:4
end_of_record
TN:
SF:t.ac4a2c09a94499566c0579009d05098889787e5c4a26580052838a46b410d834
DA:5,1
DA:8,1
DA:9,1
DA:13,1
DA:14,0
LF:5
LH:4
end_of_record
TN:
SF:t.b1a076767b73e6197271c2ed5a887ae478d7f1928df1d6314d3b666bcd979416
DA:3,2
LF:1
LH:1
end_of_record
TN:
SF:t.b61b9298d7f3ef448f2273b17a02a53fdaf5f088abc8c74fa316db7db7cb010b
DA:5,1
DA:8,1
DA:9,1
DA:13,1
DA:14,0
LF:5
LH:4
end_of_record
TN:
SF:t.b7d134103ae35f403b0f894daa92eec1ad75792c7521973f9de3699f216126d1
DA:6,1
DA:9,1
DA:11,1
DA:14,1
LF:4
LH:4
end_of_record
TN:
SF:t.becf461c6db2516bf2b7f8afaa9feb93149064545daf32e8b8d426971be8eedb
DA:3,2
LF:1
LH:1
end_of_record
TN:
SF:t.c698f6602682337455f99717196343e9cc28ed57faf3660ea9af507c104545a2
DA:5,1
DA:8,1
DA:9,1
DA:13,1
DA:14,0
LF:5
LH:4
end_of_record
TN:
SF:t.c80d140a2136d174ef60a4b04aa20e2c86318a061f8b333a4ad3bd255ac2fa00
DA:6,1
DA:9,1
DA:11,1
DA:14,1
LF:4
LH:4
end_of_record
TN:
SF:t.c87aff27e44c11ab271f91a28822e28105370e1752730b26620b72b1df9c7466
DA:3,2
LF:1
LH:1
end_of_record
TN:
SF:t.c9037c0c5098b239edf355a9682ff3125105068510c0396fd3c6bf6cceb08aba
DA:6,1
DA:9,1
DA:11,1
DA:14,1
LF:4
LH:4
end_of_record
TN:
SF:t.c96ad648a0fc31e509b384ccc5e8e44dd39cb02350ec393ddd375bfba203c20d
DA:3,2
LF:1
LH:1
end_of_record
TN:
SF:t.c9ab0d78223a093d614dbd29e3dacdc1f0b05f1b6085fb4aaf4fb225df498131
DA:3,2
LF:1
LH:1
end_of_record
TN:
SF:t.cc55d715c7112aca2a11357dda3424cb23f4f7ba8a39705963b43908236d089b
DA:6,1
DA:9,1
DA:11,1
DA:14,1
LF:4
LH:4
end_of_record
TN:
SF:t.ccb7756f0495c09dae1e887c19caca36ae4a537d4a417915d6f42fd34cbba3f0
DA:3,1
LF:1
LH:1
end_of_record
TN:
SF:t.cf5525e9677fe7a1dbe73397eb57a64aebdc0290d37d60f7ea0012a1f803457b
DA:5,1
DA:8,1
DA:9,1
DA:13,1
DA:14,0
LF:5
LH:4
end_of_record
TN:
SF:t.d04692d22e07ce85ff93ee661f62cd388b72defe0b559ea18f8b9c191acaf120
DA:6,1
DA:9,1
DA:11,1
DA:14,1
LF:4
LH:4
end_of_record
TN:
SF:t.d3711e42cc0fb40c276f074508de8777e455202c1f159c1bfc79c4aa26710514
DA:6,1
DA:9,1
DA:11,1
DA:14,1
LF:4
LH:4
end_of_record
TN:
SF:t.d58e68e48a6356cdce56a33e7514faf4ed1a95b7ecbfa04f69d41860fbc1bba0
DA:6,1
DA:9,1
DA:11,1
DA:14,1
LF:4
LH:4
end_of_record
TN:
SF:t.d67a04e9fdee4afd9c40226bc0144d413c6e262ac4bf52cd2c49fd0e83a85452
DA:6,1
DA:9,1
DA:11,1
DA:14,1
LF:4
LH:4
end_of_record
TN:
SF:t.d736c25ebfb2a0fcfaeb30799052dcb453769a895b09e7099291b21694957328
DA:5,1
DA:8,1
DA:9,1
DA:13,1
DA:14,0
LF:5
LH:4
end_of_record
TN:
SF:t.dbbed2e95f20f8deb1f6feee9febf4463c1086737e6c78aee783ebdba0a11cac
DA:6,1
DA:9,1
DA:11,1
DA:14,1
LF:4
LH:4
end_of_record
TN:
SF:t.de6ff07ba24b428bf1a29b82b21dbd71a06f7a0be775b6e3fc1192ab7fc59f8b
DA:6,1
DA:9,1
DA:11,1
DA:14,1
LF:4
LH:4
end_of_record
TN:
SF:t.e04e62b6fd804c92efa4745992d8bf61b60180038429238bfa2610df4749f30c
DA:6,1
DA:9,1
DA:11,1
DA:14,1
LF:4
LH:4
end_of_record
TN:
SF:t.e11268c3f5b561967991b7601b37432fcdd62e3fd3b00516f0f53be5f884b42e
DA:5,1
DA:8,1
DA:9,1
DA:13,1
DA:14,0
LF:5
LH:4
end_of_record
TN:
SF:t.e22ae954a1ac254dc3ed9683b7b0fcb542ea0c4499a7a0d510b90bc1057ee7e3
DA:5,1
DA:8,1
DA:9,1
DA:13,1
DA:14,0
LF:5
LH:4
end_of_record
TN:
SF:t.e25880bb2e50d9ade13218814019107532a506905e47f996e7f465a5b66e95e3
DA:5,1
DA:8,1
DA:9,1
DA:13,1
DA:14,0
LF:5
LH:4
end_of_record
TN:
SF:t.e2ec895a5950c808618202a6fba82ca24905b9754966a64633c1c2bc17fe62c0
DA:5,1
DA:8,1
DA:9,1
DA:13,1
DA:14,0
LF:5
LH:4
end_of_record
TN:
SF:t.e31ca4491bb05946228f63a6aa97f49097be7f0d2c9764ca76a949709b2fce55
DA:3,2
LF:1
LH:1
end_of_record
TN:
SF:t.e70610c83b278f1fcea07b31ffb54ca34d5924f96b4f66145e7dffb89d799c3a
DA:5,1
DA:8,1
DA:9,1
DA:13,1
DA:14,0
LF:5
LH:4
end_of_record
TN:
SF:t.eb230bb3e6ecae8734afc8c1ea1c1a1b86668124d685b7b069c7b04be81e0d9f
DA:6,1
DA:9,1
DA:11,1
DA:14,1
LF:4
LH:4
end_of_record
TN:
SF:t.eb8c7a558706d1938a572737bdecc66e7c047d6a58226e4b5dc3eb3ad7317b6b
DA:4,2
LF:1
LH:1
end_of_record
TN:
SF:t.ec5aea9e0478b96649ea4131b5700f555520a6ade0f6be5222659723213d7a7f
DA:3,2
LF:1
LH:1
end_of_record
TN:
SF:t.ecd0ffe42dbfe23cb48ea917160f70af8d95ca59435346bee71ad9b6e8ad4620
DA:6,1
DA:9,1
DA:11,1
DA:14,1
LF:4
LH:4
end_of_record
TN:
SF:t.ee86f3de88c1bee69a193baaec296ccab773d1b311d7427d51acc022f9cd7c89
DA:5,1
DA:8,1
DA:9,1
DA:13,1
DA:14,0
LF:5
LH:4
end_of_record
TN:
SF:t.f0a7b5eb561b6fff30bf84679f5887e39bd3258ee2fa8237b93063120bdf23f9
DA:6,1
DA:9,1
DA:11,1
DA:14,1
LF:4
LH:4
end_of_record
TN:
SF:t.f0c57c4118b3d6502f9d97dc91f434e782f81e773d6154e427f3ad73bc32119b
DA:3,1
DA:4,1
LF:2
LH:2
end_of_record
TN:
SF:t.f0ee3262524faaa6682a5da3cd852b618dd230d83db913b802c5ffef9db81d73
DA:5,1
DA:8,1
DA:9,1
DA:13,1
DA:14,0
LF:5
LH:4
end_of_record
TN:
SF:t.f619b28805440de56a2230f0033529f23122ea1f501c579bf6568e51e019c0aa
DA:5,1
DA:8,1
DA:9,1
DA:13,1
DA:14,0
LF:5
LH:4
end_of_record
TN:
SF:t.f6d0860aa90938c048b3b8274a57d76607b8fb11a6d390fa34daf9144d77f930
DA:6,1
DA:9,1
DA:11,1
DA:14,1
LF:4
LH:4
end_of_record
TN:
SF:t.f7b8d8da786bad7f371f03b9904c8ffdee28a620c48ad44ebac4a462d3e524a6
DA:5,1
DA:8,1
DA:9,1
DA:13,1
DA:14,0
LF:5
LH:4
end_of_record
TN:
SF:t.f97201974dcb765e112d4cbe25070b67fc7f24d24c6ca9cbe09e6cc5d838808b
DA:6,1
DA:9,1
DA:11,1
DA:14,1
LF:4
LH:4
end_of_record
TN:
SF:t.fd4dc2002610c9c5f044ac5482fcc09c0470fbd5e25c0974d9bc3e46047d292b
DA:6,1
DA:9,1
DA:11,1
DA:14,1
LF:4
LH:4
end_of_record
TN:
SF:t.fdf05593dda991580f2f6a45d8d51cc35de8f848d023ad2743dccbaca07a49ca
DA:3,2
LF:1
LH:1
end_of_record
TN:
SF:t.fe15ecc3882bcee8393ba98f39170595a74fa1b2bb6809c5e5739e6c56f76b42
DA:3,2
LF:1
LH:1
end_of_record
TN:
SF:t.fe6bcd258223840855a7418db774b89f95e020d2910e1fb51e678ca04376b437
DA:5,1
DA:8,1
DA:9,1
DA:13,1
DA:14,0
LF:5
LH:4
end_of_record
